0 info it worked if it ends with ok
1 verbose cli [ '/usr/local/bin/iojs',
1 verbose cli   '/usr/local/bin/npm',
1 verbose cli   'version',
1 verbose cli   'patch' ]
2 info using npm@2.8.3
3 info using node@v1.8.1
4 info git [ 'status', '--porcelain' ]
5 verbose stack Error: Git working directory not clean.
5 verbose stack M  index.js
5 verbose stack     at /usr/local/lib/node_modules/npm/lib/version.js:138:37
5 verbose stack     at ChildProcess.exithandler (child_process.js:676:7)
5 verbose stack     at emitTwo (events.js:87:13)
5 verbose stack     at ChildProcess.emit (events.js:169:7)
5 verbose stack     at maybeClose (child_process.js:953:16)
5 verbose stack     at Socket.<anonymous> (child_process.js:1114:11)
5 verbose stack     at emitOne (events.js:77:13)
5 verbose stack     at Socket.emit (events.js:166:7)
5 verbose stack     at Pipe._onclose (net.js:455:12)
6 verbose cwd /Users/liuxijin/project/async-load
7 error Darwin 14.0.0
8 error argv "/usr/local/bin/iojs" "/usr/local/bin/npm" "version" "patch"
9 error node v1.8.1
10 error npm  v2.8.3
11 error Git working directory not clean.
11 error M  index.js
12 error If you need help, you may report this error at:
12 error     <https://github.com/npm/npm/issues>
13 verbose exit [ 1, true ]
